{"/Users/jiusong/myblog/index.js":{"path":"/Users/jiusong/myblog/index.js","s":{"1":1,"2":1,"3":1,"4":1,"5":1,"6":1,"7":1,"8":1,"9":1,"10":1,"11":1,"12":1,"13":1,"14":1,"15":1,"16":1,"17":1,"18":1,"19":1,"20":8,"21":8,"22":8,"23":8,"24":1,"25":1,"26":1,"27":1,"28":0,"29":0,"30":0,"31":1,"32":1,"33":0,"34":0},"b":{"1":[1,0]},"f":{"1":8,"2":0,"3":0},"fnMap":{"1":{"name":"(anonymous_1)","line":50,"loc":{"start":{"line":50,"column":8},"end":{"line":50,"column":34}}},"2":{"name":"(anonymous_2)","line":87,"loc":{"start":{"line":87,"column":8},"end":{"line":87,"column":39}}},"3":{"name":"(anonymous_3)","line":98,"loc":{"start":{"line":98,"column":26},"end":{"line":98,"column":38}}}},"statementMap":{"1":{"start":{"line":1,"column":0},"end":{"line":null,"column":null}},"2":{"start":{"line":2,"column":0},"end":{"line":null,"column":null}},"3":{"start":{"line":3,"column":0},"end":{"line":null,"column":null}},"4":{"start":{"line":4,"column":0},"end":{"line":null,"column":null}},"5":{"start":{"line":5,"column":0},"end":{"line":null,"column":null}},"6":{"start":{"line":6,"column":0},"end":{"line":null,"column":null}},"7":{"start":{"line":7,"column":0},"end":{"line":null,"column":null}},"8":{"start":{"line":8,"column":0},"end":{"line":null,"column":null}},"9":{"start":{"line":9,"column":0},"end":{"line":null,"column":null}},"10":{"start":{"line":10,"column":0},"end":{"line":null,"column":null}},"11":{"start":{"line":12,"column":0},"end":{"line":null,"column":null}},"12":{"start":{"line":15,"column":0},"end":{"line":null,"column":null}},"13":{"start":{"line":17,"column":0},"end":{"line":null,"column":null}},"14":{"start":{"line":20,"column":0},"end":{"line":null,"column":null}},"15":{"start":{"line":22,"column":0},"end":{"line":null,"column":null}},"16":{"start":{"line":35,"column":0},"end":{"line":null,"column":null}},"17":{"start":{"line":38,"column":0},"end":{"line":null,"column":null}},"18":{"start":{"line":44,"column":0},"end":{"line":50,"column":0}},"19":{"start":{"line":50,"column":0},"end":{"line":null,"column":null}},"20":{"start":{"line":51,"column":6},"end":{"line":null,"column":null}},"21":{"start":{"line":52,"column":6},"end":{"line":null,"column":null}},"22":{"start":{"line":53,"column":6},"end":{"line":null,"column":null}},"23":{"start":{"line":0,"column":0},"end":{"line":0,"column":0},"skip":true},"24":{"start":{"line":58,"column":0},"end":{"line":null,"column":null}},"25":{"start":{"line":71,"column":0},"end":{"line":null,"column":null}},"26":{"start":{"line":74,"column":0},"end":{"line":null,"column":null}},"27":{"start":{"line":87,"column":0},"end":{"line":null,"column":null}},"28":{"start":{"line":88,"column":10},"end":{"line":null,"column":null}},"29":{"start":{"line":89,"column":6},"end":{"line":null,"column":null}},"30":{"start":{"line":90,"column":6},"end":{"line":null,"column":null}},"31":{"start":{"line":93,"column":0},"end":{"line":null,"column":null}},"32":{"start":{"line":95,"column":9},"end":{"line":null,"column":null}},"33":{"start":{"line":98,"column":6},"end":{"line":null,"column":null}},"34":{"start":{"line":99,"column":12},"end":{"line":null,"column":null}}},"branchMap":{"1":{"line":93,"type":"if","locations":[{"start":{"line":93,"column":0},"end":{"line":93,"column":0}},{"start":{"line":93,"column":0},"end":{"line":93,"column":0}}]}}},"/Users/jiusong/myblog/config/default.js":{"path":"/Users/jiusong/myblog/config/default.js","s":{"1":1},"b":{},"f":{},"fnMap":{},"statementMap":{"1":{"start":{"line":1,"column":0},"end":{"line":null,"column":null}}},"branchMap":{}},"/Users/jiusong/myblog/routes/index.js":{"path":"/Users/jiusong/myblog/routes/index.js","s":{"1":1,"2":1,"3":0,"4":1,"5":1,"6":1,"7":1,"8":1,"9":1,"10":7,"11":0},"b":{"1":[0,7]},"f":{"1":1,"2":0,"3":7},"fnMap":{"1":{"name":"(anonymous_1)","line":1,"loc":{"start":{"line":1,"column":17},"end":{"line":1,"column":32}}},"2":{"name":"(anonymous_2)","line":2,"loc":{"start":{"line":2,"column":15},"end":{"line":2,"column":35}}},"3":{"name":"(anonymous_3)","line":11,"loc":{"start":{"line":11,"column":10},"end":{"line":11,"column":30}}}},"statementMap":{"1":{"start":{"line":1,"column":0},"end":{"line":null,"column":null}},"2":{"start":{"line":2,"column":6},"end":{"line":null,"column":null}},"3":{"start":{"line":3,"column":8},"end":{"line":null,"column":null}},"4":{"start":{"line":5,"column":6},"end":{"line":null,"column":null}},"5":{"start":{"line":6,"column":6},"end":{"line":null,"column":null}},"6":{"start":{"line":7,"column":6},"end":{"line":null,"column":null}},"7":{"start":{"line":8,"column":6},"end":{"line":null,"column":null}},"8":{"start":{"line":9,"column":6},"end":{"line":null,"column":null}},"9":{"start":{"line":11,"column":6},"end":{"line":null,"column":null}},"10":{"start":{"line":12,"column":8},"end":{"line":null,"column":null}},"11":{"start":{"line":13,"column":10},"end":{"line":null,"column":null}}},"branchMap":{"1":{"line":12,"type":"if","locations":[{"start":{"line":12,"column":8},"end":{"line":12,"column":8}},{"start":{"line":12,"column":8},"end":{"line":12,"column":8}}]}}},"/Users/jiusong/myblog/routes/signup.js":{"path":"/Users/jiusong/myblog/routes/signup.js","s":{"1":1,"2":1,"3":1,"4":1,"5":1,"6":1,"7":1,"8":1,"9":3,"10":1,"11":4,"12":4,"13":4,"14":4,"15":4,"16":4,"17":4,"18":4,"19":1,"20":3,"21":1,"22":2,"23":0,"24":2,"25":0,"26":2,"27":0,"28":2,"29":0,"30":2,"31":2,"32":2,"33":2,"34":2,"35":2,"36":1,"37":1,"38":1,"39":1,"40":1,"41":1,"42":1,"43":1,"44":1,"45":0,"46":1},"b":{"1":[1,3],"2":[4,3],"3":[1,2],"4":[0,2],"5":[2,2],"6":[0,2],"7":[0,2],"8":[0,2],"9":[1,0]},"f":{"1":3,"2":4,"3":1,"4":1},"fnMap":{"1":{"name":"(anonymous_1)","line":13,"loc":{"start":{"line":13,"column":31},"end":{"line":13,"column":57}}},"2":{"name":"(anonymous_2)","line":18,"loc":{"start":{"line":18,"column":32},"end":{"line":18,"column":58}}},"3":{"name":"(anonymous_3)","line":66,"loc":{"start":{"line":66,"column":10},"end":{"line":66,"column":28}}},"4":{"name":"(anonymous_4)","line":77,"loc":{"start":{"line":77,"column":11},"end":{"line":77,"column":24}}}},"statementMap":{"1":{"start":{"line":3,"column":0},"end":{"line":null,"column":null}},"2":{"start":{"line":4,"column":0},"end":{"line":null,"column":null}},"3":{"start":{"line":5,"column":0},"end":{"line":null,"column":null}},"4":{"start":{"line":6,"column":0},"end":{"line":null,"column":null}},"5":{"start":{"line":7,"column":0},"end":{"line":null,"column":null}},"6":{"start":{"line":9,"column":0},"end":{"line":null,"column":null}},"7":{"start":{"line":10,"column":0},"end":{"line":null,"column":null}},"8":{"start":{"line":13,"column":0},"end":{"line":null,"column":null}},"9":{"start":{"line":14,"column":6},"end":{"line":null,"column":null}},"10":{"start":{"line":18,"column":0},"end":{"line":null,"column":null}},"11":{"start":{"line":19,"column":8},"end":{"line":null,"column":null}},"12":{"start":{"line":20,"column":8},"end":{"line":null,"column":null}},"13":{"start":{"line":21,"column":8},"end":{"line":null,"column":null}},"14":{"start":{"line":22,"column":8},"end":{"line":null,"column":null}},"15":{"start":{"line":23,"column":6},"end":{"line":null,"column":null}},"16":{"start":{"line":24,"column":8},"end":{"line":null,"column":null}},"17":{"start":{"line":27,"column":6},"end":{"line":null,"column":null}},"18":{"start":{"line":28,"column":8},"end":{"line":null,"column":null}},"19":{"start":{"line":29,"column":12},"end":{"line":null,"column":null}},"20":{"start":{"line":31,"column":8},"end":{"line":null,"column":null}},"21":{"start":{"line":32,"column":12},"end":{"line":null,"column":null}},"22":{"start":{"line":34,"column":8},"end":{"line":null,"column":null}},"23":{"start":{"line":35,"column":12},"end":{"line":null,"column":null}},"24":{"start":{"line":37,"column":8},"end":{"line":null,"column":null}},"25":{"start":{"line":38,"column":12},"end":{"line":null,"column":null}},"26":{"start":{"line":40,"column":8},"end":{"line":null,"column":null}},"27":{"start":{"line":41,"column":12},"end":{"line":null,"column":null}},"28":{"start":{"line":43,"column":8},"end":{"line":null,"column":null}},"29":{"start":{"line":44,"column":12},"end":{"line":null,"column":null}},"30":{"start":{"line":48,"column":7},"end":{"line":null,"column":null}},"31":{"start":{"line":49,"column":8},"end":{"line":null,"column":null}},"32":{"start":{"line":50,"column":11},"end":{"line":null,"column":null}},"33":{"start":{"line":54,"column":13},"end":{"line":null,"column":null}},"34":{"start":{"line":57,"column":6},"end":{"line":65,"column":2}},"35":{"start":{"line":65,"column":2},"end":{"line":null,"column":null}},"36":{"start":{"line":68,"column":13},"end":{"line":null,"column":null}},"37":{"start":{"line":70,"column":13},"end":{"line":null,"column":null}},"38":{"start":{"line":71,"column":10},"end":{"line":null,"column":null}},"39":{"start":{"line":73,"column":10},"end":{"line":null,"column":null}},"40":{"start":{"line":75,"column":10},"end":{"line":null,"column":null}},"41":{"start":{"line":79,"column":9},"end":{"line":null,"column":null}},"42":{"start":{"line":81,"column":10},"end":{"line":null,"column":null}},"43":{"start":{"line":82,"column":12},"end":{"line":null,"column":null}},"44":{"start":{"line":83,"column":15},"end":{"line":null,"column":null}},"45":{"start":{"line":85,"column":11},"end":{"line":null,"column":null}},"46":{"start":{"line":89,"column":0},"end":{"line":null,"column":null}}},"branchMap":{"1":{"line":28,"type":"if","locations":[{"start":{"line":28,"column":8},"end":{"line":28,"column":8}},{"start":{"line":28,"column":8},"end":{"line":28,"column":8}}]},"2":{"line":28,"type":"binary-expr","locations":[{"start":{"line":28,"column":10},"end":{"line":28,"column":10}},{"start":{"line":28,"column":30},"end":{"line":28,"column":8}}]},"3":{"line":31,"type":"if","locations":[{"start":{"line":31,"column":8},"end":{"line":31,"column":8}},{"start":{"line":31,"column":8},"end":{"line":31,"column":8}}]},"4":{"line":34,"type":"if","locations":[{"start":{"line":34,"column":8},"end":{"line":34,"column":8}},{"start":{"line":34,"column":8},"end":{"line":34,"column":8}}]},"5":{"line":34,"type":"binary-expr","locations":[{"start":{"line":34,"column":10},"end":{"line":34,"column":10}},{"start":{"line":34,"column":29},"end":{"line":34,"column":8}}]},"6":{"line":37,"type":"if","locations":[{"start":{"line":37,"column":8},"end":{"line":37,"column":8}},{"start":{"line":37,"column":8},"end":{"line":37,"column":8}}]},"7":{"line":40,"type":"if","locations":[{"start":{"line":40,"column":8},"end":{"line":40,"column":8}},{"start":{"line":40,"column":8},"end":{"line":40,"column":8}}]},"8":{"line":43,"type":"if","locations":[{"start":{"line":43,"column":8},"end":{"line":43,"column":8}},{"start":{"line":43,"column":8},"end":{"line":43,"column":8}}]},"9":{"line":81,"type":"if","locations":[{"start":{"line":81,"column":10},"end":{"line":81,"column":10}},{"start":{"line":81,"column":10},"end":{"line":81,"column":10}}]}}},"/Users/jiusong/myblog/models/users.js":{"path":"/Users/jiusong/myblog/models/users.js","s":{"1":1,"2":1,"3":2,"4":0},"b":{},"f":{"1":2,"2":0},"fnMap":{"1":{"name":"create","line":6,"loc":{"start":{"line":6,"column":10},"end":{"line":6,"column":33}}},"2":{"name":"getUserByName","line":11,"loc":{"start":{"line":11,"column":17},"end":{"line":11,"column":47}}}},"statementMap":{"1":{"start":{"line":2,"column":0},"end":{"line":null,"column":null}},"2":{"start":{"line":4,"column":0},"end":{"line":null,"column":null}},"3":{"start":{"line":7,"column":11},"end":{"line":null,"column":null}},"4":{"start":{"line":12,"column":11},"end":{"line":null,"column":null}}},"branchMap":{}},"/Users/jiusong/myblog/lib/mongo.js":{"path":"/Users/jiusong/myblog/lib/mongo.js","s":{"1":1,"2":1,"3":1,"4":1,"5":1,"6":1,"7":1,"8":1,"9":7,"10":1,"11":0,"12":0,"13":0,"14":1,"15":1,"16":1,"17":1,"18":1,"19":1},"b":{"1":[0,0]},"f":{"1":1,"2":7,"3":0},"fnMap":{"1":{"name":"(anonymous_1)","line":11,"loc":{"start":{"line":11,"column":13},"end":{"line":11,"column":32}}},"2":{"name":"(anonymous_2)","line":12,"loc":{"start":{"line":12,"column":20},"end":{"line":12,"column":36}}},"3":{"name":"(anonymous_3)","line":17,"loc":{"start":{"line":17,"column":16},"end":{"line":17,"column":34}}}},"statementMap":{"1":{"start":{"line":1,"column":0},"end":{"line":null,"column":null}},"2":{"start":{"line":2,"column":0},"end":{"line":null,"column":null}},"3":{"start":{"line":3,"column":0},"end":{"line":null,"column":null}},"4":{"start":{"line":4,"column":0},"end":{"line":null,"column":null}},"5":{"start":{"line":5,"column":0},"end":{"line":null,"column":null}},"6":{"start":{"line":7,"column":0},"end":{"line":null,"column":null}},"7":{"start":{"line":10,"column":0},"end":{"line":null,"column":null}},"8":{"start":{"line":12,"column":12},"end":{"line":null,"column":null}},"9":{"start":{"line":13,"column":11},"end":{"line":null,"column":null}},"10":{"start":{"line":15,"column":11},"end":{"line":null,"column":null}},"11":{"start":{"line":18,"column":8},"end":{"line":null,"column":null}},"12":{"start":{"line":19,"column":13},"end":{"line":null,"column":null}},"13":{"start":{"line":21,"column":11},"end":{"line":null,"column":null}},"14":{"start":{"line":25,"column":0},"end":{"line":null,"column":null}},"15":{"start":{"line":32,"column":0},"end":{"line":null,"column":null}},"16":{"start":{"line":34,"column":0},"end":{"line":null,"column":null}},"17":{"start":{"line":40,"column":0},"end":{"line":null,"column":null}},"18":{"start":{"line":42,"column":0},"end":{"line":null,"column":null}},"19":{"start":{"line":47,"column":0},"end":{"line":null,"column":null}}},"branchMap":{"1":{"line":18,"type":"if","locations":[{"start":{"line":18,"column":8},"end":{"line":18,"column":8}},{"start":{"line":18,"column":8},"end":{"line":18,"column":8}}]}}},"/Users/jiusong/myblog/middlewares/check.js":{"path":"/Users/jiusong/myblog/middlewares/check.js","s":{"1":1,"2":0,"3":0,"4":0,"5":0,"6":7,"7":0,"8":0,"9":7},"b":{"1":[0,0],"2":[0,7]},"f":{"1":0,"2":7},"fnMap":{"1":{"name":"checkLogin","line":2,"loc":{"start":{"line":2,"column":14},"end":{"line":2,"column":51}}},"2":{"name":"checkNotLogin","line":10,"loc":{"start":{"line":10,"column":17},"end":{"line":10,"column":57}}}},"statementMap":{"1":{"start":{"line":1,"column":0},"end":{"line":null,"column":null}},"2":{"start":{"line":3,"column":8},"end":{"line":null,"column":null}},"3":{"start":{"line":4,"column":10},"end":{"line":null,"column":null}},"4":{"start":{"line":5,"column":13},"end":{"line":null,"column":null}},"5":{"start":{"line":0,"column":0},"end":{"line":0,"column":0},"skip":true},"6":{"start":{"line":11,"column":8},"end":{"line":null,"column":null}},"7":{"start":{"line":12,"column":10},"end":{"line":null,"column":null}},"8":{"start":{"line":13,"column":13},"end":{"line":11,"column":26}},"9":{"start":{"line":0,"column":0},"end":{"line":0,"column":0},"skip":true}},"branchMap":{"1":{"line":3,"type":"if","locations":[{"start":{"line":3,"column":8},"end":{"line":3,"column":8}},{"start":{"line":3,"column":8},"end":{"line":3,"column":8}}]},"2":{"line":11,"type":"if","locations":[{"start":{"line":11,"column":8},"end":{"line":11,"column":8}},{"start":{"line":11,"column":8},"end":{"line":11,"column":8}}]}}},"/Users/jiusong/myblog/routes/signin.js":{"path":"/Users/jiusong/myblog/routes/signin.js","s":{"1":1,"2":1,"3":1,"4":1,"5":1,"6":1,"7":0,"8":1,"9":0,"10":0,"11":0,"12":0,"13":0,"14":0,"15":0,"16":0,"17":0,"18":0,"19":0,"20":0,"21":0,"22":0,"23":0,"24":0,"25":0,"26":0,"27":0,"28":0,"29":1},"b":{"1":[0,0],"2":[0,0],"3":[0,0],"4":[0,0]},"f":{"1":0,"2":0,"3":0},"fnMap":{"1":{"name":"(anonymous_1)","line":10,"loc":{"start":{"line":10,"column":31},"end":{"line":10,"column":57}}},"2":{"name":"(anonymous_2)","line":15,"loc":{"start":{"line":15,"column":32},"end":{"line":15,"column":58}}},"3":{"name":"(anonymous_3)","line":33,"loc":{"start":{"line":33,"column":10},"end":{"line":33,"column":26}}}},"statementMap":{"1":{"start":{"line":2,"column":0},"end":{"line":null,"column":null}},"2":{"start":{"line":3,"column":0},"end":{"line":null,"column":null}},"3":{"start":{"line":4,"column":0},"end":{"line":null,"column":null}},"4":{"start":{"line":6,"column":0},"end":{"line":null,"column":null}},"5":{"start":{"line":7,"column":0},"end":{"line":null,"column":null}},"6":{"start":{"line":10,"column":0},"end":{"line":null,"column":null}},"7":{"start":{"line":11,"column":6},"end":{"line":null,"column":null}},"8":{"start":{"line":15,"column":0},"end":{"line":null,"column":null}},"9":{"start":{"line":16,"column":8},"end":{"line":null,"column":null}},"10":{"start":{"line":17,"column":8},"end":{"line":null,"column":null}},"11":{"start":{"line":20,"column":6},"end":{"line":null,"column":null}},"12":{"start":{"line":21,"column":8},"end":{"line":null,"column":null}},"13":{"start":{"line":22,"column":12},"end":{"line":null,"column":null}},"14":{"start":{"line":24,"column":8},"end":{"line":null,"column":null}},"15":{"start":{"line":25,"column":12},"end":{"line":null,"column":null}},"16":{"start":{"line":28,"column":8},"end":{"line":null,"column":null}},"17":{"start":{"line":29,"column":11},"end":{"line":null,"column":null}},"18":{"start":{"line":32,"column":12},"end":{"line":null,"column":null}},"19":{"start":{"line":34,"column":10},"end":{"line":null,"column":null}},"20":{"start":{"line":35,"column":12},"end":{"line":null,"column":null}},"21":{"start":{"line":36,"column":15},"end":{"line":null,"column":null}},"22":{"start":{"line":39,"column":10},"end":{"line":null,"column":null}},"23":{"start":{"line":40,"column":12},"end":{"line":null,"column":null}},"24":{"start":{"line":41,"column":15},"end":{"line":null,"column":null}},"25":{"start":{"line":43,"column":10},"end":{"line":null,"column":null}},"26":{"start":{"line":45,"column":13},"end":{"line":null,"column":null}},"27":{"start":{"line":46,"column":10},"end":{"line":null,"column":null}},"28":{"start":{"line":48,"column":10},"end":{"line":null,"column":null}},"29":{"start":{"line":53,"column":0},"end":{"line":null,"column":null}}},"branchMap":{"1":{"line":21,"type":"if","locations":[{"start":{"line":21,"column":8},"end":{"line":21,"column":8}},{"start":{"line":21,"column":8},"end":{"line":21,"column":8}}]},"2":{"line":24,"type":"if","locations":[{"start":{"line":24,"column":8},"end":{"line":24,"column":8}},{"start":{"line":24,"column":8},"end":{"line":24,"column":8}}]},"3":{"line":34,"type":"if","locations":[{"start":{"line":34,"column":10},"end":{"line":34,"column":10}},{"start":{"line":34,"column":10},"end":{"line":34,"column":10}}]},"4":{"line":39,"type":"if","locations":[{"start":{"line":39,"column":10},"end":{"line":39,"column":10}},{"start":{"line":39,"column":10},"end":{"line":39,"column":10}}]}}},"/Users/jiusong/myblog/routes/signout.js":{"path":"/Users/jiusong/myblog/routes/signout.js","s":{"1":1,"2":1,"3":1,"4":1,"5":0,"6":0,"7":0,"8":1},"b":{},"f":{"1":0},"fnMap":{"1":{"name":"(anonymous_1)","line":7,"loc":{"start":{"line":7,"column":28},"end":{"line":7,"column":54}}}},"statementMap":{"1":{"start":{"line":1,"column":0},"end":{"line":null,"column":null}},"2":{"start":{"line":2,"column":0},"end":{"line":null,"column":null}},"3":{"start":{"line":4,"column":0},"end":{"line":null,"column":null}},"4":{"start":{"line":7,"column":0},"end":{"line":null,"column":null}},"5":{"start":{"line":9,"column":6},"end":{"line":null,"column":null}},"6":{"start":{"line":10,"column":6},"end":{"line":null,"column":null}},"7":{"start":{"line":12,"column":6},"end":{"line":null,"column":null}},"8":{"start":{"line":15,"column":0},"end":{"line":null,"column":null}}},"branchMap":{}},"/Users/jiusong/myblog/routes/posts.js":{"path":"/Users/jiusong/myblog/routes/posts.js","s":{"1":1,"2":1,"3":1,"4":1,"5":1,"6":1,"7":1,"8":1,"9":1,"10":1,"11":0,"12":0,"13":0,"14":0,"15":0,"16":0,"17":0,"18":0,"19":0,"20":0,"21":0,"22":0,"23":0,"24":0,"25":0,"26":1,"27":0,"28":1,"29":0,"30":0,"31":0,"32":0,"33":0,"34":0,"35":0,"36":1,"37":0,"38":0,"39":0,"40":0,"41":0,"42":0,"43":0,"44":0,"45":1,"46":0,"47":0,"48":0,"49":0,"50":0,"51":0,"52":0,"53":0,"54":0,"55":0,"56":0,"57":0,"58":0,"59":0,"60":0,"61":0,"62":0,"63":0,"64":0,"65":1,"66":0,"67":0,"68":0,"69":0,"70":0,"71":0,"72":0,"73":0,"74":0,"75":0,"76":1},"b":{"1":[0,0],"2":[0,0],"3":[0,0],"4":[0,0],"5":[0,0],"6":[0,0],"7":[0,0],"8":[0,0],"9":[0,0],"10":[0,0],"11":[0,0]},"f":{"1":1,"2":1,"3":0,"4":0,"5":0,"6":0,"7":0,"8":0,"9":0,"10":0,"11":0,"12":0,"13":0,"14":0,"15":0},"fnMap":{"1":{"name":"(anonymous_1)","line":9,"loc":{"start":{"line":9,"column":16},"end":{"line":9,"column":42}}},"2":{"name":"(anonymous_2)","line":13,"loc":{"start":{"line":13,"column":10},"end":{"line":13,"column":27}}},"3":{"name":"(anonymous_3)","line":22,"loc":{"start":{"line":22,"column":35},"end":{"line":22,"column":61}}},"4":{"name":"(anonymous_4)","line":48,"loc":{"start":{"line":48,"column":10},"end":{"line":48,"column":28}}},"5":{"name":"(anonymous_5)","line":59,"loc":{"start":{"line":59,"column":34},"end":{"line":59,"column":60}}},"6":{"name":"(anonymous_6)","line":64,"loc":{"start":{"line":64,"column":23},"end":{"line":64,"column":49}}},"7":{"name":"(anonymous_7)","line":72,"loc":{"start":{"line":72,"column":10},"end":{"line":72,"column":28}}},"8":{"name":"(anonymous_8)","line":88,"loc":{"start":{"line":88,"column":40},"end":{"line":88,"column":66}}},"9":{"name":"(anonymous_9)","line":93,"loc":{"start":{"line":93,"column":10},"end":{"line":93,"column":26}}},"10":{"name":"(anonymous_10)","line":108,"loc":{"start":{"line":108,"column":41},"end":{"line":108,"column":67}}},"11":{"name":"(anonymous_11)","line":128,"loc":{"start":{"line":128,"column":10},"end":{"line":128,"column":26}}},"12":{"name":"(anonymous_12)","line":136,"loc":{"start":{"line":136,"column":14},"end":{"line":136,"column":26}}},"13":{"name":"(anonymous_13)","line":146,"loc":{"start":{"line":146,"column":42},"end":{"line":146,"column":68}}},"14":{"name":"(anonymous_14)","line":151,"loc":{"start":{"line":151,"column":10},"end":{"line":151,"column":26}}},"15":{"name":"(anonymous_15)","line":159,"loc":{"start":{"line":159,"column":14},"end":{"line":159,"column":26}}}},"statementMap":{"1":{"start":{"line":1,"column":0},"end":{"line":null,"column":null}},"2":{"start":{"line":2,"column":0},"end":{"line":null,"column":null}},"3":{"start":{"line":3,"column":0},"end":{"line":null,"column":null}},"4":{"start":{"line":4,"column":0},"end":{"line":null,"column":null}},"5":{"start":{"line":5,"column":0},"end":{"line":null,"column":null}},"6":{"start":{"line":9,"column":0},"end":{"line":null,"column":null}},"7":{"start":{"line":10,"column":8},"end":{"line":null,"column":null}},"8":{"start":{"line":12,"column":12},"end":{"line":null,"column":null}},"9":{"start":{"line":14,"column":10},"end":{"line":null,"column":null}},"10":{"start":{"line":22,"column":0},"end":{"line":null,"column":null}},"11":{"start":{"line":23,"column":8},"end":{"line":null,"column":null}},"12":{"start":{"line":24,"column":8},"end":{"line":null,"column":null}},"13":{"start":{"line":25,"column":8},"end":{"line":null,"column":null}},"14":{"start":{"line":28,"column":6},"end":{"line":null,"column":null}},"15":{"start":{"line":29,"column":8},"end":{"line":null,"column":null}},"16":{"start":{"line":30,"column":12},"end":{"line":null,"column":null}},"17":{"start":{"line":32,"column":8},"end":{"line":null,"column":null}},"18":{"start":{"line":33,"column":12},"end":{"line":null,"column":null}},"19":{"start":{"line":36,"column":8},"end":{"line":null,"column":null}},"20":{"start":{"line":37,"column":11},"end":{"line":null,"column":null}},"21":{"start":{"line":40,"column":6},"end":{"line":null,"column":null}},"22":{"start":{"line":47,"column":12},"end":{"line":null,"column":null}},"23":{"start":{"line":50,"column":13},"end":{"line":null,"column":null}},"24":{"start":{"line":51,"column":10},"end":{"line":null,"column":null}},"25":{"start":{"line":53,"column":10},"end":{"line":null,"column":null}},"26":{"start":{"line":59,"column":0},"end":{"line":null,"column":null}},"27":{"start":{"line":60,"column":6},"end":{"line":null,"column":null}},"28":{"start":{"line":64,"column":0},"end":{"line":null,"column":null}},"29":{"start":{"line":65,"column":8},"end":{"line":null,"column":null}},"30":{"start":{"line":67,"column":10},"end":{"line":null,"column":null}},"31":{"start":{"line":73,"column":12},"end":{"line":null,"column":null}},"32":{"start":{"line":74,"column":12},"end":{"line":null,"column":null}},"33":{"start":{"line":75,"column":10},"end":{"line":null,"column":null}},"34":{"start":{"line":76,"column":14},"end":{"line":null,"column":null}},"35":{"start":{"line":79,"column":10},"end":{"line":null,"column":null}},"36":{"start":{"line":88,"column":0},"end":{"line":null,"column":null}},"37":{"start":{"line":89,"column":8},"end":{"line":null,"column":null}},"38":{"start":{"line":90,"column":8},"end":{"line":null,"column":null}},"39":{"start":{"line":92,"column":12},"end":{"line":null,"column":null}},"40":{"start":{"line":94,"column":10},"end":{"line":null,"column":null}},"41":{"start":{"line":95,"column":14},"end":{"line":null,"column":null}},"42":{"start":{"line":97,"column":10},"end":{"line":null,"column":null}},"43":{"start":{"line":98,"column":14},"end":{"line":null,"column":null}},"44":{"start":{"line":100,"column":10},"end":{"line":null,"column":null}},"45":{"start":{"line":108,"column":0},"end":{"line":null,"column":null}},"46":{"start":{"line":109,"column":8},"end":{"line":null,"column":null}},"47":{"start":{"line":110,"column":8},"end":{"line":null,"column":null}},"48":{"start":{"line":111,"column":8},"end":{"line":null,"column":null}},"49":{"start":{"line":112,"column":8},"end":{"line":null,"column":null}},"50":{"start":{"line":115,"column":6},"end":{"line":null,"column":null}},"51":{"start":{"line":116,"column":8},"end":{"line":null,"column":null}},"52":{"start":{"line":117,"column":12},"end":{"line":null,"column":null}},"53":{"start":{"line":119,"column":8},"end":{"line":null,"column":null}},"54":{"start":{"line":120,"column":12},"end":{"line":null,"column":null}},"55":{"start":{"line":123,"column":8},"end":{"line":null,"column":null}},"56":{"start":{"line":124,"column":11},"end":{"line":null,"column":null}},"57":{"start":{"line":127,"column":12},"end":{"line":null,"column":null}},"58":{"start":{"line":129,"column":10},"end":{"line":null,"column":null}},"59":{"start":{"line":130,"column":14},"end":{"line":null,"column":null}},"60":{"start":{"line":132,"column":10},"end":{"line":null,"column":null}},"61":{"start":{"line":133,"column":14},"end":{"line":null,"column":null}},"62":{"start":{"line":135,"column":16},"end":{"line":null,"column":null}},"63":{"start":{"line":137,"column":14},"end":{"line":null,"column":null}},"64":{"start":{"line":139,"column":14},"end":{"line":null,"column":null}},"65":{"start":{"line":146,"column":0},"end":{"line":null,"column":null}},"66":{"start":{"line":147,"column":8},"end":{"line":null,"column":null}},"67":{"start":{"line":148,"column":8},"end":{"line":null,"column":null}},"68":{"start":{"line":150,"column":12},"end":{"line":null,"column":null}},"69":{"start":{"line":152,"column":10},"end":{"line":null,"column":null}},"70":{"start":{"line":153,"column":14},"end":{"line":null,"column":null}},"71":{"start":{"line":155,"column":10},"end":{"line":null,"column":null}},"72":{"start":{"line":156,"column":14},"end":{"line":null,"column":null}},"73":{"start":{"line":158,"column":16},"end":{"line":null,"column":null}},"74":{"start":{"line":160,"column":14},"end":{"line":null,"column":null}},"75":{"start":{"line":162,"column":14},"end":{"line":null,"column":null}},"76":{"start":{"line":178,"column":0},"end":{"line":null,"column":null}}},"branchMap":{"1":{"line":29,"type":"if","locations":[{"start":{"line":29,"column":8},"end":{"line":29,"column":8}},{"start":{"line":29,"column":8},"end":{"line":29,"column":8}}]},"2":{"line":32,"type":"if","locations":[{"start":{"line":32,"column":8},"end":{"line":32,"column":8}},{"start":{"line":32,"column":8},"end":{"line":32,"column":8}}]},"3":{"line":75,"type":"if","locations":[{"start":{"line":75,"column":10},"end":{"line":75,"column":10}},{"start":{"line":75,"column":10},"end":{"line":75,"column":10}}]},"4":{"line":94,"type":"if","locations":[{"start":{"line":94,"column":10},"end":{"line":94,"column":10}},{"start":{"line":94,"column":10},"end":{"line":94,"column":10}}]},"5":{"line":97,"type":"if","locations":[{"start":{"line":97,"column":10},"end":{"line":97,"column":10}},{"start":{"line":97,"column":10},"end":{"line":97,"column":10}}]},"6":{"line":116,"type":"if","locations":[{"start":{"line":116,"column":8},"end":{"line":116,"column":8}},{"start":{"line":116,"column":8},"end":{"line":116,"column":8}}]},"7":{"line":119,"type":"if","locations":[{"start":{"line":119,"column":8},"end":{"line":119,"column":8}},{"start":{"line":119,"column":8},"end":{"line":119,"column":8}}]},"8":{"line":129,"type":"if","locations":[{"start":{"line":129,"column":10},"end":{"line":129,"column":10}},{"start":{"line":129,"column":10},"end":{"line":129,"column":10}}]},"9":{"line":132,"type":"if","locations":[{"start":{"line":132,"column":10},"end":{"line":132,"column":10}},{"start":{"line":132,"column":10},"end":{"line":132,"column":10}}]},"10":{"line":152,"type":"if","locations":[{"start":{"line":152,"column":10},"end":{"line":152,"column":10}},{"start":{"line":152,"column":10},"end":{"line":152,"column":10}}]},"11":{"line":155,"type":"if","locations":[{"start":{"line":155,"column":10},"end":{"line":155,"column":10}},{"start":{"line":155,"column":10},"end":{"line":155,"column":10}}]}}},"/Users/jiusong/myblog/models/posts.js":{"path":"/Users/jiusong/myblog/models/posts.js","s":{"1":1,"2":1,"3":1,"4":1,"5":1,"6":7,"7":7,"8":0,"9":0,"10":0,"11":1,"12":1,"13":7,"14":7,"15":7,"16":0,"17":0,"18":0,"19":0,"20":0,"21":1,"22":0,"23":0,"24":1,"25":1,"26":0,"27":1,"28":0,"29":0,"30":0,"31":0,"32":0,"33":0},"b":{"1":[0,0],"2":[0,0],"3":[0,1],"4":[0,0],"5":[0,0]},"f":{"1":1,"2":7,"3":0,"4":1,"5":7,"6":7,"7":0,"8":0,"9":0,"10":0,"11":1,"12":0,"13":0,"14":0,"15":0,"16":0},"fnMap":{"1":{"name":"(anonymous_1)","line":7,"loc":{"start":{"line":7,"column":13},"end":{"line":7,"column":30}}},"2":{"name":"(anonymous_2)","line":8,"loc":{"start":{"line":8,"column":21},"end":{"line":8,"column":37}}},"3":{"name":"(anonymous_3)","line":13,"loc":{"start":{"line":13,"column":16},"end":{"line":13,"column":32}}},"4":{"name":"(anonymous_4)","line":23,"loc":{"start":{"line":23,"column":13},"end":{"line":23,"column":30}}},"5":{"name":"(anonymous_5)","line":24,"loc":{"start":{"line":24,"column":33},"end":{"line":24,"column":49}}},"6":{"name":"(anonymous_6)","line":25,"loc":{"start":{"line":25,"column":58},"end":{"line":25,"column":83}}},"7":{"name":"(anonymous_7)","line":31,"loc":{"start":{"line":31,"column":16},"end":{"line":31,"column":32}}},"8":{"name":"(anonymous_8)","line":33,"loc":{"start":{"line":33,"column":58},"end":{"line":33,"column":75}}},"9":{"name":"create","line":44,"loc":{"start":{"line":44,"column":10},"end":{"line":44,"column":33}}},"10":{"name":"getPostById","line":49,"loc":{"start":{"line":49,"column":15},"end":{"line":49,"column":45}}},"11":{"name":"getPosts","line":60,"loc":{"start":{"line":60,"column":12},"end":{"line":60,"column":39}}},"12":{"name":"incPv","line":76,"loc":{"start":{"line":76,"column":9},"end":{"line":76,"column":33}}},"13":{"name":"getRawPostById","line":83,"loc":{"start":{"line":83,"column":18},"end":{"line":83,"column":51}}},"14":{"name":"updatePostById","line":91,"loc":{"start":{"line":91,"column":18},"end":{"line":91,"column":57}}},"15":{"name":"delPostById","line":96,"loc":{"start":{"line":96,"column":15},"end":{"line":96,"column":45}}},"16":{"name":"(anonymous_16)","line":99,"loc":{"start":{"line":99,"column":12},"end":{"line":99,"column":27}}}},"statementMap":{"1":{"start":{"line":1,"column":0},"end":{"line":null,"column":null}},"2":{"start":{"line":2,"column":0},"end":{"line":null,"column":null}},"3":{"start":{"line":3,"column":0},"end":{"line":null,"column":null}},"4":{"start":{"line":6,"column":0},"end":{"line":null,"column":null}},"5":{"start":{"line":8,"column":11},"end":{"line":null,"column":null}},"6":{"start":{"line":9,"column":11},"end":{"line":null,"column":null}},"7":{"start":{"line":10,"column":13},"end":{"line":null,"column":null}},"8":{"start":{"line":14,"column":8},"end":{"line":null,"column":null}},"9":{"start":{"line":15,"column":11},"end":{"line":null,"column":null}},"10":{"start":{"line":17,"column":11},"end":{"line":null,"column":null}},"11":{"start":{"line":22,"column":0},"end":{"line":null,"column":null}},"12":{"start":{"line":24,"column":11},"end":{"line":null,"column":null}},"13":{"start":{"line":25,"column":13},"end":{"line":null,"column":null}},"14":{"start":{"line":26,"column":13},"end":{"line":null,"column":null}},"15":{"start":{"line":27,"column":15},"end":{"line":null,"column":null}},"16":{"start":{"line":32,"column":8},"end":{"line":null,"column":null}},"17":{"start":{"line":33,"column":13},"end":{"line":null,"column":null}},"18":{"start":{"line":34,"column":13},"end":{"line":null,"column":null}},"19":{"start":{"line":35,"column":15},"end":{"line":null,"column":null}},"20":{"start":{"line":38,"column":11},"end":{"line":null,"column":null}},"21":{"start":{"line":42,"column":0},"end":{"line":null,"column":null}},"22":{"start":{"line":45,"column":11},"end":{"line":null,"column":null}},"23":{"start":{"line":50,"column":11},"end":{"line":null,"column":null}},"24":{"start":{"line":61,"column":10},"end":{"line":null,"column":null}},"25":{"start":{"line":62,"column":8},"end":{"line":null,"column":null}},"26":{"start":{"line":63,"column":12},"end":{"line":null,"column":null}},"27":{"start":{"line":65,"column":11},"end":{"line":null,"column":null}},"28":{"start":{"line":77,"column":11},"end":{"line":null,"column":null}},"29":{"start":{"line":84,"column":11},"end":{"line":null,"column":null}},"30":{"start":{"line":92,"column":11},"end":{"line":null,"column":null}},"31":{"start":{"line":97,"column":11},"end":{"line":null,"column":null}},"32":{"start":{"line":101,"column":12},"end":{"line":null,"column":null}},"33":{"start":{"line":102,"column":17},"end":{"line":null,"column":null}}},"branchMap":{"1":{"line":14,"type":"if","locations":[{"start":{"line":14,"column":8},"end":{"line":14,"column":8}},{"start":{"line":14,"column":8},"end":{"line":14,"column":8}}]},"2":{"line":32,"type":"if","locations":[{"start":{"line":32,"column":8},"end":{"line":32,"column":8}},{"start":{"line":32,"column":8},"end":{"line":32,"column":8}}]},"3":{"line":62,"type":"if","locations":[{"start":{"line":62,"column":8},"end":{"line":62,"column":8}},{"start":{"line":62,"column":8},"end":{"line":62,"column":8}}]},"4":{"line":101,"type":"if","locations":[{"start":{"line":101,"column":12},"end":{"line":101,"column":12}},{"start":{"line":101,"column":12},"end":{"line":101,"column":12}}]},"5":{"line":101,"type":"binary-expr","locations":[{"start":{"line":101,"column":12},"end":{"line":101,"column":12}},{"start":{"line":101,"column":29},"end":{"line":101,"column":8}}]}}},"/Users/jiusong/myblog/models/comments.js":{"path":"/Users/jiusong/myblog/models/comments.js","s":{"1":1,"2":1,"3":1,"4":0,"5":0,"6":0,"7":1,"8":0,"9":0,"10":0,"11":0,"12":0,"13":7},"b":{},"f":{"1":0,"2":0,"3":0,"4":0,"5":0,"6":0,"7":0,"8":7},"fnMap":{"1":{"name":"(anonymous_1)","line":6,"loc":{"start":{"line":6,"column":13},"end":{"line":6,"column":33}}},"2":{"name":"(anonymous_2)","line":7,"loc":{"start":{"line":7,"column":24},"end":{"line":7,"column":43}}},"3":{"name":"create","line":16,"loc":{"start":{"line":16,"column":10},"end":{"line":16,"column":36}}},"4":{"name":"getCommentById","line":21,"loc":{"start":{"line":21,"column":18},"end":{"line":21,"column":54}}},"5":{"name":"delCommentById","line":26,"loc":{"start":{"line":26,"column":18},"end":{"line":26,"column":54}}},"6":{"name":"delCommentsByPostId","line":31,"loc":{"start":{"line":31,"column":23},"end":{"line":31,"column":61}}},"7":{"name":"getComments","line":36,"loc":{"start":{"line":36,"column":15},"end":{"line":36,"column":45}}},"8":{"name":"getCommentsCount","line":47,"loc":{"start":{"line":47,"column":20},"end":{"line":47,"column":55}}}},"statementMap":{"1":{"start":{"line":1,"column":0},"end":{"line":null,"column":null}},"2":{"start":{"line":2,"column":0},"end":{"line":null,"column":null}},"3":{"start":{"line":5,"column":0},"end":{"line":null,"column":null}},"4":{"start":{"line":7,"column":11},"end":{"line":null,"column":null}},"5":{"start":{"line":8,"column":14},"end":{"line":null,"column":null}},"6":{"start":{"line":9,"column":13},"end":{"line":null,"column":null}},"7":{"start":{"line":14,"column":0},"end":{"line":null,"column":null}},"8":{"start":{"line":17,"column":11},"end":{"line":null,"column":null}},"9":{"start":{"line":22,"column":11},"end":{"line":null,"column":null}},"10":{"start":{"line":27,"column":11},"end":{"line":null,"column":null}},"11":{"start":{"line":32,"column":11},"end":{"line":null,"column":null}},"12":{"start":{"line":37,"column":11},"end":{"line":null,"column":null}},"13":{"start":{"line":48,"column":11},"end":{"line":null,"column":null}}},"branchMap":{}},"/Users/jiusong/myblog/routes/comments.js":{"path":"/Users/jiusong/myblog/routes/comments.js","s":{"1":1,"2":1,"3":1,"4":1,"5":1,"6":0,"7":0,"8":0,"9":0,"10":0,"11":0,"12":0,"13":0,"14":0,"15":0,"16":0,"17":0,"18":1,"19":0,"20":0,"21":0,"22":0,"23":0,"24":0,"25":0,"26":0,"27":0,"28":0,"29":1},"b":{"1":[0,0],"2":[0,0],"3":[0,0]},"f":{"1":0,"2":0,"3":0,"4":0,"5":0},"fnMap":{"1":{"name":"(anonymous_1)","line":8,"loc":{"start":{"line":8,"column":29},"end":{"line":8,"column":55}}},"2":{"name":"(anonymous_2)","line":30,"loc":{"start":{"line":30,"column":10},"end":{"line":30,"column":22}}},"3":{"name":"(anonymous_3)","line":39,"loc":{"start":{"line":39,"column":45},"end":{"line":39,"column":71}}},"4":{"name":"(anonymous_4)","line":44,"loc":{"start":{"line":44,"column":10},"end":{"line":44,"column":29}}},"5":{"name":"(anonymous_5)","line":52,"loc":{"start":{"line":52,"column":14},"end":{"line":52,"column":26}}}},"statementMap":{"1":{"start":{"line":1,"column":0},"end":{"line":null,"column":null}},"2":{"start":{"line":2,"column":0},"end":{"line":null,"column":null}},"3":{"start":{"line":4,"column":0},"end":{"line":null,"column":null}},"4":{"start":{"line":5,"column":0},"end":{"line":null,"column":null}},"5":{"start":{"line":8,"column":0},"end":{"line":null,"column":null}},"6":{"start":{"line":9,"column":8},"end":{"line":null,"column":null}},"7":{"start":{"line":10,"column":8},"end":{"line":null,"column":null}},"8":{"start":{"line":11,"column":8},"end":{"line":null,"column":null}},"9":{"start":{"line":14,"column":6},"end":{"line":null,"column":null}},"10":{"start":{"line":15,"column":8},"end":{"line":null,"column":null}},"11":{"start":{"line":16,"column":12},"end":{"line":null,"column":null}},"12":{"start":{"line":19,"column":8},"end":{"line":null,"column":null}},"13":{"start":{"line":20,"column":11},"end":{"line":null,"column":null}},"14":{"start":{"line":23,"column":8},"end":{"line":null,"column":null}},"15":{"start":{"line":29,"column":15},"end":{"line":null,"column":null}},"16":{"start":{"line":31,"column":10},"end":{"line":null,"column":null}},"17":{"start":{"line":33,"column":10},"end":{"line":null,"column":null}},"18":{"start":{"line":39,"column":0},"end":{"line":null,"column":null}},"19":{"start":{"line":40,"column":8},"end":{"line":null,"column":null}},"20":{"start":{"line":41,"column":8},"end":{"line":null,"column":null}},"21":{"start":{"line":43,"column":15},"end":{"line":null,"column":null}},"22":{"start":{"line":45,"column":10},"end":{"line":null,"column":null}},"23":{"start":{"line":46,"column":14},"end":{"line":null,"column":null}},"24":{"start":{"line":48,"column":10},"end":{"line":null,"column":null}},"25":{"start":{"line":49,"column":14},"end":{"line":null,"column":null}},"26":{"start":{"line":51,"column":19},"end":{"line":null,"column":null}},"27":{"start":{"line":53,"column":14},"end":{"line":null,"column":null}},"28":{"start":{"line":55,"column":14},"end":{"line":null,"column":null}},"29":{"start":{"line":61,"column":0},"end":{"line":null,"column":null}}},"branchMap":{"1":{"line":15,"type":"if","locations":[{"start":{"line":15,"column":8},"end":{"line":15,"column":8}},{"start":{"line":15,"column":8},"end":{"line":15,"column":8}}]},"2":{"line":45,"type":"if","locations":[{"start":{"line":45,"column":10},"end":{"line":45,"column":10}},{"start":{"line":45,"column":10},"end":{"line":45,"column":10}}]},"3":{"line":48,"type":"if","locations":[{"start":{"line":48,"column":10},"end":{"line":48,"column":10}},{"start":{"line":48,"column":10},"end":{"line":48,"column":10}}]}}}}