TN:
SF:/Users/jiusong/myblog/index.js
FN:50,(anonymous_1)
FN:87,(anonymous_2)
FN:98,(anonymous_3)
FNF:3
FNH:1
FNDA:8,(anonymous_1)
FNDA:0,(anonymous_2)
FNDA:0,(anonymous_3)
DA:1,1
DA:2,1
DA:3,1
DA:4,1
DA:5,1
DA:6,1
DA:7,1
DA:8,1
DA:9,1
DA:10,1
DA:12,1
DA:15,1
DA:17,1
DA:20,1
DA:22,1
DA:35,1
DA:38,1
DA:44,1
DA:50,1
DA:51,8
DA:52,8
DA:53,8
DA:58,1
DA:71,1
DA:74,1
DA:87,1
DA:88,0
DA:89,0
DA:90,0
DA:93,1
DA:95,1
DA:98,0
DA:99,0
LF:33
LH:28
BRDA:93,1,0,1
BRDA:93,1,1,0
BRF:2
BRH:1
end_of_record
TN:
SF:/Users/jiusong/myblog/config/default.js
FNF:0
FNH:0
DA:1,1
LF:1
LH:1
BRF:0
BRH:0
end_of_record
TN:
SF:/Users/jiusong/myblog/routes/index.js
FN:1,(anonymous_1)
FN:2,(anonymous_2)
FN:11,(anonymous_3)
FNF:3
FNH:2
FNDA:1,(anonymous_1)
FNDA:0,(anonymous_2)
FNDA:7,(anonymous_3)
DA:1,1
DA:2,1
DA:3,0
DA:5,1
DA:6,1
DA:7,1
DA:8,1
DA:9,1
DA:11,1
DA:12,7
DA:13,0
LF:11
LH:9
BRDA:12,1,0,0
BRDA:12,1,1,7
BRF:2
BRH:1
end_of_record
TN:
SF:/Users/jiusong/myblog/routes/signup.js
FN:13,(anonymous_1)
FN:18,(anonymous_2)
FN:66,(anonymous_3)
FN:77,(anonymous_4)
FNF:4
FNH:4
FNDA:3,(anonymous_1)
FNDA:4,(anonymous_2)
FNDA:1,(anonymous_3)
FNDA:1,(anonymous_4)
DA:3,1
DA:4,1
DA:5,1
DA:6,1
DA:7,1
DA:9,1
DA:10,1
DA:13,1
DA:14,3
DA:18,1
DA:19,4
DA:20,4
DA:21,4
DA:22,4
DA:23,4
DA:24,4
DA:27,4
DA:28,4
DA:29,1
DA:31,3
DA:32,1
DA:34,2
DA:35,0
DA:37,2
DA:38,0
DA:40,2
DA:41,0
DA:43,2
DA:44,0
DA:48,2
DA:49,2
DA:50,2
DA:54,2
DA:57,2
DA:65,2
DA:68,1
DA:70,1
DA:71,1
DA:73,1
DA:75,1
DA:79,1
DA:81,1
DA:82,1
DA:83,1
DA:85,0
DA:89,1
LF:46
LH:41
BRDA:28,1,0,1
BRDA:28,1,1,3
BRDA:28,2,0,4
BRDA:28,2,1,3
BRDA:31,3,0,1
BRDA:31,3,1,2
BRDA:34,4,0,0
BRDA:34,4,1,2
BRDA:34,5,0,2
BRDA:34,5,1,2
BRDA:37,6,0,0
BRDA:37,6,1,2
BRDA:40,7,0,0
BRDA:40,7,1,2
BRDA:43,8,0,0
BRDA:43,8,1,2
BRDA:81,9,0,1
BRDA:81,9,1,0
BRF:18
BRH:13
end_of_record
TN:
SF:/Users/jiusong/myblog/models/users.js
FN:6,create
FN:11,getUserByName
FNF:2
FNH:1
FNDA:2,create
FNDA:0,getUserByName
DA:2,1
DA:4,1
DA:7,2
DA:12,0
LF:4
LH:3
BRF:0
BRH:0
end_of_record
TN:
SF:/Users/jiusong/myblog/lib/mongo.js
FN:11,(anonymous_1)
FN:12,(anonymous_2)
FN:17,(anonymous_3)
FNF:3
FNH:2
FNDA:1,(anonymous_1)
FNDA:7,(anonymous_2)
FNDA:0,(anonymous_3)
DA:1,1
DA:2,1
DA:3,1
DA:4,1
DA:5,1
DA:7,1
DA:10,1
DA:12,1
DA:13,7
DA:15,1
DA:18,0
DA:19,0
DA:21,0
DA:25,1
DA:32,1
DA:34,1
DA:40,1
DA:42,1
DA:47,1
LF:19
LH:16
BRDA:18,1,0,0
BRDA:18,1,1,0
BRF:2
BRH:0
end_of_record
TN:
SF:/Users/jiusong/myblog/middlewares/check.js
FN:2,checkLogin
FN:10,checkNotLogin
FNF:2
FNH:1
FNDA:0,checkLogin
FNDA:7,checkNotLogin
DA:1,1
DA:3,0
DA:4,0
DA:5,0
DA:11,7
DA:12,0
DA:13,0
LF:7
LH:2
BRDA:3,1,0,0
BRDA:3,1,1,0
BRDA:11,2,0,0
BRDA:11,2,1,7
BRF:4
BRH:1
end_of_record
TN:
SF:/Users/jiusong/myblog/routes/signin.js
FN:10,(anonymous_1)
FN:15,(anonymous_2)
FN:33,(anonymous_3)
FNF:3
FNH:0
FNDA:0,(anonymous_1)
FNDA:0,(anonymous_2)
FNDA:0,(anonymous_3)
DA:2,1
DA:3,1
DA:4,1
DA:6,1
DA:7,1
DA:10,1
DA:11,0
DA:15,1
DA:16,0
DA:17,0
DA:20,0
DA:21,0
DA:22,0
DA:24,0
DA:25,0
DA:28,0
DA:29,0
DA:32,0
DA:34,0
DA:35,0
DA:36,0
DA:39,0
DA:40,0
DA:41,0
DA:43,0
DA:45,0
DA:46,0
DA:48,0
DA:53,1
LF:29
LH:8
BRDA:21,1,0,0
BRDA:21,1,1,0
BRDA:24,2,0,0
BRDA:24,2,1,0
BRDA:34,3,0,0
BRDA:34,3,1,0
BRDA:39,4,0,0
BRDA:39,4,1,0
BRF:8
BRH:0
end_of_record
TN:
SF:/Users/jiusong/myblog/routes/signout.js
FN:7,(anonymous_1)
FNF:1
FNH:0
FNDA:0,(anonymous_1)
DA:1,1
DA:2,1
DA:4,1
DA:7,1
DA:9,0
DA:10,0
DA:12,0
DA:15,1
LF:8
LH:5
BRF:0
BRH:0
end_of_record
TN:
SF:/Users/jiusong/myblog/routes/posts.js
FN:9,(anonymous_1)
FN:13,(anonymous_2)
FN:22,(anonymous_3)
FN:48,(anonymous_4)
FN:59,(anonymous_5)
FN:64,(anonymous_6)
FN:72,(anonymous_7)
FN:88,(anonymous_8)
FN:93,(anonymous_9)
FN:108,(anonymous_10)
FN:128,(anonymous_11)
FN:136,(anonymous_12)
FN:146,(anonymous_13)
FN:151,(anonymous_14)
FN:159,(anonymous_15)
FNF:15
FNH:2
FNDA:1,(anonymous_1)
FNDA:1,(anonymous_2)
FNDA:0,(anonymous_3)
FNDA:0,(anonymous_4)
FNDA:0,(anonymous_5)
FNDA:0,(anonymous_6)
FNDA:0,(anonymous_7)
FNDA:0,(anonymous_8)
FNDA:0,(anonymous_9)
FNDA:0,(anonymous_10)
FNDA:0,(anonymous_11)
FNDA:0,(anonymous_12)
FNDA:0,(anonymous_13)
FNDA:0,(anonymous_14)
FNDA:0,(anonymous_15)
DA:1,1
DA:2,1
DA:3,1
DA:4,1
DA:5,1
DA:9,1
DA:10,1
DA:12,1
DA:14,1
DA:22,1
DA:23,0
DA:24,0
DA:25,0
DA:28,0
DA:29,0
DA:30,0
DA:32,0
DA:33,0
DA:36,0
DA:37,0
DA:40,0
DA:47,0
DA:50,0
DA:51,0
DA:53,0
DA:59,1
DA:60,0
DA:64,1
DA:65,0
DA:67,0
DA:73,0
DA:74,0
DA:75,0
DA:76,0
DA:79,0
DA:88,1
DA:89,0
DA:90,0
DA:92,0
DA:94,0
DA:95,0
DA:97,0
DA:98,0
DA:100,0
DA:108,1
DA:109,0
DA:110,0
DA:111,0
DA:112,0
DA:115,0
DA:116,0
DA:117,0
DA:119,0
DA:120,0
DA:123,0
DA:124,0
DA:127,0
DA:129,0
DA:130,0
DA:132,0
DA:133,0
DA:135,0
DA:137,0
DA:139,0
DA:146,1
DA:147,0
DA:148,0
DA:150,0
DA:152,0
DA:153,0
DA:155,0
DA:156,0
DA:158,0
DA:160,0
DA:162,0
DA:178,1
LF:76
LH:16
BRDA:29,1,0,0
BRDA:29,1,1,0
BRDA:32,2,0,0
BRDA:32,2,1,0
BRDA:75,3,0,0
BRDA:75,3,1,0
BRDA:94,4,0,0
BRDA:94,4,1,0
BRDA:97,5,0,0
BRDA:97,5,1,0
BRDA:116,6,0,0
BRDA:116,6,1,0
BRDA:119,7,0,0
BRDA:119,7,1,0
BRDA:129,8,0,0
BRDA:129,8,1,0
BRDA:132,9,0,0
BRDA:132,9,1,0
BRDA:152,10,0,0
BRDA:152,10,1,0
BRDA:155,11,0,0
BRDA:155,11,1,0
BRF:22
BRH:0
end_of_record
TN:
SF:/Users/jiusong/myblog/models/posts.js
FN:7,(anonymous_1)
FN:8,(anonymous_2)
FN:13,(anonymous_3)
FN:23,(anonymous_4)
FN:24,(anonymous_5)
FN:25,(anonymous_6)
FN:31,(anonymous_7)
FN:33,(anonymous_8)
FN:44,create
FN:49,getPostById
FN:60,getPosts
FN:76,incPv
FN:83,getRawPostById
FN:91,updatePostById
FN:96,delPostById
FN:99,(anonymous_16)
FNF:16
FNH:6
FNDA:1,(anonymous_1)
FNDA:7,(anonymous_2)
FNDA:0,(anonymous_3)
FNDA:1,(anonymous_4)
FNDA:7,(anonymous_5)
FNDA:7,(anonymous_6)
FNDA:0,(anonymous_7)
FNDA:0,(anonymous_8)
FNDA:0,create
FNDA:0,getPostById
FNDA:1,getPosts
FNDA:0,incPv
FNDA:0,getRawPostById
FNDA:0,updatePostById
FNDA:0,delPostById
FNDA:0,(anonymous_16)
DA:1,1
DA:2,1
DA:3,1
DA:6,1
DA:8,1
DA:9,7
DA:10,7
DA:14,0
DA:15,0
DA:17,0
DA:22,1
DA:24,1
DA:25,7
DA:26,7
DA:27,7
DA:32,0
DA:33,0
DA:34,0
DA:35,0
DA:38,0
DA:42,1
DA:45,0
DA:50,0
DA:61,1
DA:62,1
DA:63,0
DA:65,1
DA:77,0
DA:84,0
DA:92,0
DA:97,0
DA:101,0
DA:102,0
LF:33
LH:16
BRDA:14,1,0,0
BRDA:14,1,1,0
BRDA:32,2,0,0
BRDA:32,2,1,0
BRDA:62,3,0,0
BRDA:62,3,1,1
BRDA:101,4,0,0
BRDA:101,4,1,0
BRDA:101,5,0,0
BRDA:101,5,1,0
BRF:10
BRH:1
end_of_record
TN:
SF:/Users/jiusong/myblog/models/comments.js
FN:6,(anonymous_1)
FN:7,(anonymous_2)
FN:16,create
FN:21,getCommentById
FN:26,delCommentById
FN:31,delCommentsByPostId
FN:36,getComments
FN:47,getCommentsCount
FNF:8
FNH:1
FNDA:0,(anonymous_1)
FNDA:0,(anonymous_2)
FNDA:0,create
FNDA:0,getCommentById
FNDA:0,delCommentById
FNDA:0,delCommentsByPostId
FNDA:0,getComments
FNDA:7,getCommentsCount
DA:1,1
DA:2,1
DA:5,1
DA:7,0
DA:8,0
DA:9,0
DA:14,1
DA:17,0
DA:22,0
DA:27,0
DA:32,0
DA:37,0
DA:48,7
LF:13
LH:5
BRF:0
BRH:0
end_of_record
TN:
SF:/Users/jiusong/myblog/routes/comments.js
FN:8,(anonymous_1)
FN:30,(anonymous_2)
FN:39,(anonymous_3)
FN:44,(anonymous_4)
FN:52,(anonymous_5)
FNF:5
FNH:0
FNDA:0,(anonymous_1)
FNDA:0,(anonymous_2)
FNDA:0,(anonymous_3)
FNDA:0,(anonymous_4)
FNDA:0,(anonymous_5)
DA:1,1
DA:2,1
DA:4,1
DA:5,1
DA:8,1
DA:9,0
DA:10,0
DA:11,0
DA:14,0
DA:15,0
DA:16,0
DA:19,0
DA:20,0
DA:23,0
DA:29,0
DA:31,0
DA:33,0
DA:39,1
DA:40,0
DA:41,0
DA:43,0
DA:45,0
DA:46,0
DA:48,0
DA:49,0
DA:51,0
DA:53,0
DA:55,0
DA:61,1
LF:29
LH:7
BRDA:15,1,0,0
BRDA:15,1,1,0
BRDA:45,2,0,0
BRDA:45,2,1,0
BRDA:48,3,0,0
BRDA:48,3,1,0
BRF:6
BRH:0
end_of_record
